# JRE version: Java(TM) SE Runtime Environment (14.0+36) (build 14+36-1461)
# Java VM: Java HotSpot(TM) 64-Bit Server VM (14+36-1461, mixed mode, sharing, tiered, compressed oops, g1 gc, windows-amd64)
Heap:
 garbage-first heap   total 84992K, used 59093K [0x00000000c0000000, 0x0000000100000000)
  region size 1024K, 39 young (39936K), 4 survivors (4096K)
 Metaspace       used 28415K, capacity 29243K, committed 29440K, reserved 1075200K
  class space    used 3227K, capacity 3496K, committed 3584K, reserved 1048576K
GC Heap History (20 events):
Event: 3.151 GC heap before
{Heap before GC invocations=4 (full 0):
 garbage-first heap   total 65536K, used 46261K [0x00000000c0000000, 0x0000000100000000)
  region size 1024K, 38 young (38912K), 3 survivors (3072K)
 Metaspace       used 15476K, capacity 16296K, committed 16640K, reserved 1064960K
  class space    used 1732K, capacity 1926K, committed 2048K, reserved 1048576K
}
Event: 3.159 GC heap after
{Heap after GC invocations=5 (full 0):
 garbage-first heap   total 78848K, used 12054K [0x00000000c0000000, 0x0000000100000000)
  region size 1024K, 5 young (5120K), 5 survivors (5120K)
 Metaspace       used 15476K, capacity 16296K, committed 16640K, reserved 1064960K
  class space    used 1732K, capacity 1926K, committed 2048K, reserved 1048576K
}
Event: 3.903 GC heap before
{Heap before GC invocations=5 (full 0):
 garbage-first heap   total 78848K, used 54038K [0x00000000c0000000, 0x0000000100000000)
  region size 1024K, 46 young (47104K), 5 survivors (5120K)
 Metaspace       used 16218K, capacity 16917K, committed 17152K, reserved 1064960K
  class space    used 1779K, capacity 1966K, committed 2048K, reserved 1048576K
}
Event: 3.912 GC heap after
{Heap after GC invocations=6 (full 0):
 garbage-first heap   total 78848K, used 14215K [0x00000000c0000000, 0x0000000100000000)
  region size 1024K, 4 young (4096K), 4 survivors (4096K)
 Metaspace       used 16218K, capacity 16917K, committed 17152K, reserved 1064960K
  class space    used 1779K, capacity 1966K, committed 2048K, reserved 1048576K
}
Event: 4.301 GC heap before
{Heap before GC invocations=6 (full 0):
 garbage-first heap   total 78848K, used 30599K [0x00000000c0000000, 0x0000000100000000)
  region size 1024K, 21 young (21504K), 4 survivors (4096K)
 Metaspace       used 20541K, capacity 21107K, committed 21248K, reserved 1069056K
  class space    used 2307K, capacity 2473K, committed 2560K, reserved 1048576K
}
Event: 4.314 GC heap after
{Heap after GC invocations=7 (full 0):
 garbage-first heap   total 78848K, used 15866K [0x00000000c0000000, 0x0000000100000000)
  region size 1024K, 4 young (4096K), 4 survivors (4096K)
 Metaspace       used 20541K, capacity 21107K, committed 21248K, reserved 1069056K
  class space    used 2307K, capacity 2473K, committed 2560K, reserved 1048576K
}
Event: 4.939 GC heap before
{Heap before GC invocations=8 (full 0):
 garbage-first heap   total 58368K, used 45562K [0x00000000c0000000, 0x0000000100000000)
  region size 1024K, 34 young (34816K), 4 survivors (4096K)
 Metaspace       used 23250K, capacity 23972K, committed 24064K, reserved 1071104K
  class space    used 2588K, capacity 2788K, committed 2816K, reserved 1048576K
}
Event: 4.952 GC heap after
{Heap after GC invocations=9 (full 0):
 garbage-first heap   total 58368K, used 19346K [0x00000000c0000000, 0x0000000100000000)
  region size 1024K, 5 young (5120K), 5 survivors (5120K)
 Metaspace       used 23250K, capacity 23972K, committed 24064K, reserved 1071104K
  class space    used 2588K, capacity 2788K, committed 2816K, reserved 1048576K
}
Event: 5.083 GC heap before
{Heap before GC invocations=10 (full 0):
 garbage-first heap   total 58368K, used 43922K [0x00000000c0000000, 0x0000000100000000)
  region size 1024K, 29 young (29696K), 5 survivors (5120K)
 Metaspace       used 23276K, capacity 23972K, committed 24064K, reserved 1071104K
  class space    used 2588K, capacity 2788K, committed 2816K, reserved 1048576K
}
Event: 5.100 GC heap after
{Heap after GC invocations=11 (full 0):
 garbage-first heap   total 70656K, used 21817K [0x00000000c0000000, 0x0000000100000000)
  region size 1024K, 3 young (3072K), 3 survivors (3072K)
 Metaspace       used 23276K, capacity 23972K, committed 24064K, reserved 1071104K
  class space    used 2588K, capacity 2788K, committed 2816K, reserved 1048576K
}
Event: 5.315 GC heap before
{Heap before GC invocations=11 (full 0):
 garbage-first heap   total 70656K, used 53561K [0x00000000c0000000, 0x0000000100000000)
  region size 1024K, 34 young (34816K), 3 survivors (3072K)
 Metaspace       used 23323K, capacity 23972K, committed 24064K, reserved 1071104K
  class space    used 2589K, capacity 2788K, committed 2816K, reserved 1048576K
}
Event: 5.322 GC heap after
{Heap after GC invocations=12 (full 0):
 garbage-first heap   total 70656K, used 22976K [0x00000000c0000000, 0x0000000100000000)
  region size 1024K, 4 young (4096K), 4 survivors (4096K)
 Metaspace       used 23323K, capacity 23972K, committed 24064K, reserved 1071104K
  class space    used 2589K, capacity 2788K, committed 2816K, reserved 1048576K
}
Event: 5.470 GC heap before
{Heap before GC invocations=12 (full 0):
 garbage-first heap   total 70656K, used 54720K [0x00000000c0000000, 0x0000000100000000)
  region size 1024K, 35 young (35840K), 4 survivors (4096K)
 Metaspace       used 23329K, capacity 23972K, committed 24064K, reserved 1071104K
  class space    used 2589K, capacity 2788K, committed 2816K, reserved 1048576K
}
Event: 5.478 GC heap after
{Heap after GC invocations=13 (full 0):
 garbage-first heap   total 70656K, used 23150K [0x00000000c0000000, 0x0000000100000000)
  region size 1024K, 4 young (4096K), 4 survivors (4096K)
 Metaspace       used 23329K, capacity 23972K, committed 24064K, reserved 1071104K
  class space    used 2589K, capacity 2788K, committed 2816K, reserved 1048576K
}
Event: 5.619 GC heap before
{Heap before GC invocations=13 (full 0):
 garbage-first heap   total 70656K, used 53870K [0x00000000c0000000, 0x0000000100000000)
  region size 1024K, 34 young (34816K), 4 survivors (4096K)
 Metaspace       used 23335K, capacity 23972K, committed 24064K, reserved 1071104K
  class space    used 2589K, capacity 2788K, committed 2816K, reserved 1048576K
}
Event: 5.630 GC heap after
{Heap after GC invocations=14 (full 0):
 garbage-first heap   total 70656K, used 24229K [0x00000000c0000000, 0x0000000100000000)
  region size 1024K, 3 young (3072K), 3 survivors (3072K)
 Metaspace       used 23335K, capacity 23972K, committed 24064K, reserved 1071104K
  class space    used 2589K, capacity 2788K, committed 2816K, reserved 1048576K
}
Event: 5.736 GC heap before
{Heap before GC invocations=14 (full 0):
 garbage-first heap   total 70656K, used 54949K [0x00000000c0000000, 0x0000000100000000)
  region size 1024K, 33 young (33792K), 3 survivors (3072K)
 Metaspace       used 23335K, capacity 23972K, committed 24064K, reserved 1071104K
  class space    used 2589K, capacity 2788K, committed 2816K, reserved 1048576K
}
Event: 5.744 GC heap after
{Heap after GC invocations=15 (full 0):
 garbage-first heap   total 84992K, used 24599K [0x00000000c0000000, 0x0000000100000000)
  region size 1024K, 3 young (3072K), 3 survivors (3072K)
 Metaspace       used 23335K, capacity 23972K, committed 24064K, reserved 1071104K
  class space    used 2589K, capacity 2788K, committed 2816K, reserved 1048576K
}
Event: 5.906 GC heap before
{Heap before GC invocations=15 (full 0):
 garbage-first heap   total 84992K, used 64535K [0x00000000c0000000, 0x0000000100000000)
  region size 1024K, 42 young (43008K), 3 survivors (3072K)
 Metaspace       used 23353K, capacity 23972K, committed 24064K, reserved 1071104K
  class space    used 2591K, capacity 2788K, committed 2816K, reserved 1048576K
}
Event: 5.914 GC heap after
{Heap after GC invocations=16 (full 0):
 garbage-first heap   total 84992K, used 25301K [0x00000000c0000000, 0x0000000100000000)
  region size 1024K, 4 young (4096K), 4 survivors (4096K)
 Metaspace       used 23353K, capacity 23972K, committed 24064K, reserved 1071104K
  class space    used 2591K, capacity 2788K, committed 2816K, reserved 1048576K
}

